<?xml version="1.0" encoding="UTF-8"?>
<!-- Generated by org.testng.reporters.JUnitReportReporter -->
<testsuite hostname="SWARANAY-IN" failures="0" tests="1" name="Academy.E2ESelPrj01.Am_Streams_WebTableSortingTest" time="3.418" errors="0" timestamp="2021-05-30T16:53:50 IST" skipped="0">
  <testcase classname="Academy.E2ESelPrj01.Am_Streams_WebTableSortingTest" name="sortWebTableUsingStreams" time="3.418"/>
  <system-out/>
</testsuite> <!-- Academy.E2ESelPrj01.Am_Streams_WebTableSortingTest -->
