<?xml version="1.0" encoding="UTF-8"?>
<!-- Generated by org.testng.reporters.JUnitReportReporter -->
<testsuite hostname="SWARANAY-IN" failures="0" tests="1" name="Academy.E2ESelPrj01.Ap_FecthingXpathsFromPropFIle" time="7.276" errors="0" timestamp="2021-06-10T15:17:30 IST" skipped="0">
  <testcase classname="Academy.E2ESelPrj01.Ap_FecthingXpathsFromPropFIle" name="FecthingXpathsFromPropFIle" time="7.276"/>
  <system-out/>
</testsuite> <!-- Academy.E2ESelPrj01.Ap_FecthingXpathsFromPropFIle -->
