<?xml version="1.0" encoding="UTF-8"?>
<!-- Generated by org.testng.reporters.JUnitReportReporter -->
<testsuite hostname="SWARANAY-IN" failures="0" tests="1" name="Academy.E2ESelPrj01.An_WindowAuthenticationPopUps" time="7.789" errors="0" timestamp="2021-06-09T00:05:28 IST" skipped="0">
  <testcase classname="Academy.E2ESelPrj01.An_WindowAuthenticationPopUps" name="handlingWindowAuthPopUps" time="7.789"/>
  <system-out/>
</testsuite> <!-- Academy.E2ESelPrj01.An_WindowAuthenticationPopUps -->
