<?xml version="1.0" encoding="UTF-8"?>
<!-- Generated by org.testng.reporters.JUnitReportReporter -->
<testsuite hostname="SWARANAY-IN" failures="0" tests="1" name="Academy.E2ESelPrj01.Ao_FileUploadUsingAutoIT" time="31.052" errors="0" timestamp="2021-06-10T01:03:52 IST" skipped="0">
  <testcase classname="Academy.E2ESelPrj01.Ao_FileUploadUsingAutoIT" name="handlingWindowAuthPopUps" time="31.052"/>
  <system-out/>
</testsuite> <!-- Academy.E2ESelPrj01.Ao_FileUploadUsingAutoIT -->
